<?xml version="1.0" encoding="UTF-8"?>
<testng-results skipped="0" failed="0" ignored="0" total="1" passed="1">
  <reporter-output>
  </reporter-output>
  <suite name="Default suite" duration-ms="15609" started-at="2018-10-01T06:32:34Z" finished-at="2018-10-01T06:32:50Z">
    <groups>
    </groups>
    <test name="Default test" duration-ms="15609" started-at="2018-10-01T06:32:34Z" finished-at="2018-10-01T06:32:50Z">
      <class name="testcase.Test99GuruLogin">
        <test-method status="PASS" signature="setup()[pri:0, instance:testcase.Test99GuruLogin@7f9fcf7f]" name="setup" is-config="true" duration-ms="10769" started-at="2018-10-01T06:32:34Z" finished-at="2018-10-01T06:32:45Z">
          <reporter-output>
          </reporter-output>
        </test-method> <!-- setup -->
        <test-method status="PASS" signature="test_Home_Page_Appear_Correct()[pri:0, instance:testcase.Test99GuruLogin@7f9fcf7f]" name="test_Home_Page_Appear_Correct" duration-ms="4818" started-at="2018-10-01T06:32:45Z" finished-at="2018-10-01T06:32:50Z">
          <reporter-output>
          </reporter-output>
        </test-method> <!-- test_Home_Page_Appear_Correct -->
      </class> <!-- testcase.Test99GuruLogin -->
    </test> <!-- Default test -->
  </suite> <!-- Default suite -->
</testng-results>
