<?xml version="1.0" encoding="UTF-8" standalone="no"?>
<testsuite failures="0" name="cucumber.runtime.formatter.JUnitFormatter" skipped="0" tests="1" time="17.578868">
<testcase classname="Get bank Details from Web Page" name="User on Malaysia Page" time="17.578868">
<system-out><![CDATA[Given User is already on Malaysia page......................................passed
When Verify Title of Page...................................................passed
Then Scroll the page........................................................passed
And User will get the Malasiya Bank Names...................................passed
]]></system-out>
</testcase>
</testsuite>
