<?xml version="1.0" encoding="UTF-8"?>
<!-- Generated by org.testng.reporters.JUnitXMLReporter -->
<testsuite hostname="CTSD006" ignored="0" name="Regression 1" tests="1" failures="0" timestamp="05 Oct 2018 13:00:47 GMT" time="0.074" errors="0">
  <testcase name="@BeforeTest SetUp" time="0.034" classname="Testing.Beginers">
    <failure type="java.net.MalformedURLException" message="no protocol: 192.168.0.30/wd/hub">
      <![CDATA[java.net.MalformedURLException: no protocol: 192.168.0.30/wd/hub
at java.net.URL.<init>(Unknown Source)
at java.net.URL.<init>(Unknown Source)
at java.net.URL.<init>(Unknown Source)
at Testing.Beginers.SetUp(Beginers.java:25)
... Removed 24 stack frames]]>
    </failure>
  </testcase> <!-- @BeforeTest SetUp -->
  <testcase name="@AfterTest afterTest" time="0.0" classname="Testing.Beginers">
    <skipped/>
  </testcase> <!-- @AfterTest afterTest -->
  <testcase name="simpletest" time="0.0" classname="Testing.Beginers">
    <skipped/>
  </testcase> <!-- simpletest -->
</testsuite> <!-- Regression 1 -->
