<?xml version="1.0" encoding="UTF-8"?>
<!-- Generated by org.testng.reporters.JUnitXMLReporter -->
<testsuite hostname="CTSD006" ignored="0" name="testngTest" tests="3" failures="0" timestamp="19 Dec 2018 10:16:07 GMT" time="15.669" errors="0">
  <testcase name="verifyLogin" time="13.505" classname="LandingPage.LoginInPPE"/>
  <testcase name="closeBrowser" time="2.096" classname="LandingPage.LoginInPPE"/>
  <testcase name="ProcessExcelData" time="0.02" classname="TestBase.ReadExcelData"/>
</testsuite> <!-- testngTest -->
