<?xml version="1.0" encoding="UTF-8"?>
<!-- Generated by org.testng.reporters.JUnitXMLReporter -->
<testsuite hostname="CTSD006" ignored="0" name="testngTest1" tests="2" failures="2" timestamp="22 Nov 2018 13:57:13 GMT" time="0.036" errors="0">
  <testcase name="verifyLogin" time="0.01" classname="LandingPage.LoginInPPE">
    <failure type="java.lang.NullPointerException">
      <![CDATA[java.lang.NullPointerException
at POM.LoginPagePOM.typeUserName(LoginPagePOM.java:20)
at LandingPage.LoginInPPE.verifyLogin(LoginInPPE.java:15)
... Removed 25 stack frames]]>
    </failure>
  </testcase> <!-- verifyLogin -->
  <testcase name="closeBrowser" time="0.002" classname="LandingPage.LoginInPPE">
    <failure type="java.lang.NullPointerException">
      <![CDATA[java.lang.NullPointerException
at LandingPage.LoginInPPE.closeBrowser(LoginInPPE.java:22)
... Removed 25 stack frames]]>
    </failure>
  </testcase> <!-- closeBrowser -->
</testsuite> <!-- testngTest1 -->
