<?xml version="1.0" encoding="UTF-8"?>
<testng-results skipped="0" failed="0" ignored="0" total="3" passed="3">
  <reporter-output>
  </reporter-output>
  <suite name="PPE" duration-ms="15669" started-at="2018-12-19T10:15:51Z" finished-at="2018-12-19T10:16:07Z">
    <groups>
    </groups>
    <test name="testngTest" duration-ms="15669" started-at="2018-12-19T10:15:51Z" finished-at="2018-12-19T10:16:07Z">
      <class name="TestBase.ReadExcelData">
        <test-method status="PASS" signature="ProcessExcelData()[pri:3, instance:TestBase.ReadExcelData@a74868d]" name="ProcessExcelData" duration-ms="20" started-at="2018-12-19T10:16:07Z" finished-at="2018-12-19T10:16:07Z">
          <reporter-output>
          </reporter-output>
        </test-method> <!-- ProcessExcelData -->
      </class> <!-- TestBase.ReadExcelData -->
      <class name="LandingPage.LoginInPPE">
        <test-method status="PASS" signature="verifyLogin()[pri:1, instance:LandingPage.LoginInPPE@78ac1102]" name="verifyLogin" duration-ms="13505" started-at="2018-12-19T10:15:51Z" finished-at="2018-12-19T10:16:05Z">
          <reporter-output>
          </reporter-output>
        </test-method> <!-- verifyLogin -->
        <test-method status="PASS" signature="closeBrowser()[pri:2, instance:LandingPage.LoginInPPE@78ac1102]" name="closeBrowser" duration-ms="2096" started-at="2018-12-19T10:16:05Z" finished-at="2018-12-19T10:16:07Z">
          <reporter-output>
          </reporter-output>
        </test-method> <!-- closeBrowser -->
      </class> <!-- LandingPage.LoginInPPE -->
    </test> <!-- testngTest -->
  </suite> <!-- PPE -->
</testng-results>
