<?xml version="1.0" encoding="UTF-8"?>
<testng-results skipped="0" failed="0" total="1" passed="1">
  <reporter-output>
  </reporter-output>
  <suite name="Default suite" duration-ms="14875" started-at="2017-10-30T10:00:55Z" finished-at="2017-10-30T10:01:10Z">
    <groups>
    </groups>
    <test name="Default test" duration-ms="14875" started-at="2017-10-30T10:00:55Z" finished-at="2017-10-30T10:01:10Z">
      <class name="Rater.RaterCalculations">
        <test-method status="PASS" signature="Test()[pri:0, instance:Rater.RaterCalculations@4cdbe50f]" name="Test" duration-ms="14859" started-at="2017-10-30T15:30:55Z" finished-at="2017-10-30T15:31:10Z">
          <reporter-output>
          </reporter-output>
        </test-method> <!-- Test -->
      </class> <!-- Rater.RaterCalculations -->
    </test> <!-- Default test -->
  </suite> <!-- Default suite -->
</testng-results>
