<?xml version="1.0" encoding="UTF-8"?>
<testng-results skipped="0" failed="0" ignored="0" total="1" passed="1">
  <reporter-output>
  </reporter-output>
  <suite name="Default suite" duration-ms="23740" started-at="2018-09-27T11:29:37Z" finished-at="2018-09-27T11:30:00Z">
    <groups>
    </groups>
    <test name="Default test" duration-ms="23740" started-at="2018-09-27T11:29:37Z" finished-at="2018-09-27T11:30:00Z">
      <class name="Testing.NewTest">
        <test-method status="PASS" signature="beforeClass()[pri:0, instance:Testing.NewTest@7a3d45bd]" name="beforeClass" is-config="true" duration-ms="7863" started-at="2018-09-27T11:29:37Z" finished-at="2018-09-27T11:29:44Z">
          <reporter-output>
          </reporter-output>
        </test-method> <!-- beforeClass -->
        <test-method status="PASS" signature="f()[pri:0, instance:Testing.NewTest@7a3d45bd]" name="f" duration-ms="15171" started-at="2018-09-27T11:29:44Z" finished-at="2018-09-27T11:30:00Z">
          <reporter-output>
          </reporter-output>
        </test-method> <!-- f -->
        <test-method status="PASS" signature="afterClass()[pri:0, instance:Testing.NewTest@7a3d45bd]" name="afterClass" is-config="true" duration-ms="675" started-at="2018-09-27T11:30:00Z" finished-at="2018-09-27T11:30:00Z">
          <reporter-output>
          </reporter-output>
        </test-method> <!-- afterClass -->
      </class> <!-- Testing.NewTest -->
    </test> <!-- Default test -->
  </suite> <!-- Default suite -->
</testng-results>
