<?xml version="1.0" encoding="UTF-8" standalone="no"?>
<testsuite failures="1" name="cucumber.runtime.formatter.JUnitFormatter" skipped="0" tests="1" time="13.482477">
<testcase classname="PPE Login Feature" name="PPE Login Scenario" time="13.482477">
<failure message="org.junit.ComparisonFailure: expected:&lt;...ogitate.us/PPE.Test/[?Message=Invalid%20Username%20or%20Password%20entered!]&gt; but was:&lt;...ogitate.us/PPE.Test/[Home]&gt;&#13;&#10;&#9;at org.junit.Assert.assertEquals(Assert.java:115)&#13;&#10;&#9;at org.junit.Assert.assertEquals(Assert.java:144)&#13;&#10;&#9;at StepsDefinations.LoginStepDef.URL_Of_The_LoggedIn_Page(LoginStepDef.java:51)&#13;&#10;&#9;at ✽.When URL Of The LoggedIn Page(D:/SeleniumWorkspace/Selenium-Workplace/PPEBDDDrivenOne/src/main/java/Features/Login.feature:10)&#13;&#10;"><![CDATA[Given Agent Is Already On Login Page........................................passed
When Tittle Of The Login Page Is Login......................................passed
Then Agent Entering Username and Password...................................passed
Then Click on Login Button..................................................passed
When URL Of The LoggedIn Page...............................................failed
Then Click On GuidLines Link................................................skipped

StackTrace:
org.junit.ComparisonFailure: expected:<...ogitate.us/PPE.Test/[?Message=Invalid%20Username%20or%20Password%20entered!]> but was:<...ogitate.us/PPE.Test/[Home]>
	at org.junit.Assert.assertEquals(Assert.java:115)
	at org.junit.Assert.assertEquals(Assert.java:144)
	at StepsDefinations.LoginStepDef.URL_Of_The_LoggedIn_Page(LoginStepDef.java:51)
	at ✽.When URL Of The LoggedIn Page(D:/SeleniumWorkspace/Selenium-Workplace/PPEBDDDrivenOne/src/main/java/Features/Login.feature:10)
]]></failure>
</testcase>
</testsuite>
