<?xml version="1.0" encoding="UTF-8"?>
<testng-results skipped="0" failed="0" total="1" passed="1">
  <reporter-output>
  </reporter-output>
  <suite name="Default suite" duration-ms="913" started-at="2019-11-27T10:47:11Z" finished-at="2019-11-27T10:47:12Z">
    <groups>
    </groups>
    <test name="Default test" duration-ms="913" started-at="2019-11-27T10:47:11Z" finished-at="2019-11-27T10:47:12Z">
      <class name="PDFReaderTest">
        <test-method status="PASS" signature="ReadPDF()[pri:0, instance:PDFReaderTest@506e6d5e]" name="ReadPDF" duration-ms="866" started-at="2019-11-27T16:17:11Z" finished-at="2019-11-27T16:17:12Z">
          <reporter-output>
          </reporter-output>
        </test-method> <!-- ReadPDF -->
      </class> <!-- PDFReaderTest -->
    </test> <!-- Default test -->
  </suite> <!-- Default suite -->
</testng-results>
